<?xml version="1.0" encoding="UTF-8"?>
<testsuite xmlns:xsi="http://www.w3.org/2001/XMLSchema-instance" xsi:noNamespaceSchemaLocation="https://maven.apache.org/surefire/maven-surefire-plugin/xsd/surefire-test-report.xsd" version="3.0.2" name="one.laxo.crm.ra.LaxoCrmLiveIntegrationTest" time="6.155" tests="1" errors="0" skipped="0" failures="0">
  <properties>
[...]
</properties>
  <testcase name="exportTicketPurchaseCreatesContactAndDealInLiveCrm" classname="one.laxo.crm.ra.LaxoCrmLiveIntegrationTest" time="6.108">
    <system-out><![CDATA[Laxo CRM live export created contactId=16, dealId=14, orderId=1781358181264
]]></system-out>
  </testcase>
</testsuite>